<?xml version="1.0" encoding="UTF-8"?>
<!-- Generated by org.testng.reporters.JUnitXMLReporter -->
<testsuite ignored="0" hostname="Prasannakumar" failures="0" tests="5" name="Default test" time="0.052" errors="0" timestamp="2024-06-07T10:46:15 IST">
  <testcase classname="DemoPriority" name="B" time="0.006"/>
  <testcase classname="DemoPriority" name="D" time="0.002"/>
  <testcase classname="DemoPriority" name="E" time="0.002"/>
  <testcase classname="DemoPriority" name="A" time="0.0"/>
  <testcase classname="DemoPriority" name="C" time="0.001"/>
</testsuite> <!-- Default test -->
