<?xml version="1.0" encoding="UTF-8"?>
<!-- Generated by org.testng.reporters.JUnitXMLReporter -->
<testsuite ignored="2" hostname="Prasannakumar" failures="0" tests="1" name="SanityTest" time="0.003" errors="0" timestamp="2024-06-13T10:53:25 IST">
  <testcase classname="xmlexample.C" name="m9" time="0.001"/>
  <testcase classname="xmlexample.C" name="m7" time="0.0">
    <ignored/>
  </testcase> <!-- m7 -->
  <testcase classname="xmlexample.C" name="m8" time="0.0">
    <ignored/>
  </testcase> <!-- m8 -->
</testsuite> <!-- SanityTest -->
