<?xml version="1.0" encoding="UTF-8"?>
<!-- Generated by org.testng.reporters.JUnitXMLReporter -->
<testsuite ignored="5" hostname="Prasannakumar" failures="0" tests="4" name="Test" time="0.056" errors="0" timestamp="2024-06-13T10:48:32 IST">
  <testcase classname="xmlexample.B" name="m5" time="0.008"/>
  <testcase classname="xmlexample.A" name="m1" time="0.001"/>
  <testcase classname="xmlexample.A" name="m2" time="0.001"/>
  <testcase classname="xmlexample.C" name="m9" time="0.001"/>
  <testcase classname="xmlexample.B" name="m6" time="0.0">
    <ignored/>
  </testcase> <!-- m6 -->
  <testcase classname="xmlexample.A" name="m3" time="0.0">
    <ignored/>
  </testcase> <!-- m3 -->
  <testcase classname="xmlexample.C" name="m7" time="0.0">
    <ignored/>
  </testcase> <!-- m7 -->
  <testcase classname="xmlexample.B" name="m4" time="0.0">
    <ignored/>
  </testcase> <!-- m4 -->
  <testcase classname="xmlexample.C" name="m8" time="0.0">
    <ignored/>
  </testcase> <!-- m8 -->
</testsuite> <!-- Test -->
