<?xml version="1.0" encoding="UTF-8"?>
<testng-results ignored="0" total="3" passed="3" failed="0" skipped="0">
  <reporter-output>
  </reporter-output>
  <suite started-at="2024-06-14T11:22:14 IST" name="Suite" finished-at="2024-06-14T11:22:14 IST" duration-ms="44">
    <groups>
    </groups>
    <test started-at="2024-06-14T11:22:14 IST" name="somkeTest" finished-at="2024-06-14T11:22:14 IST" duration-ms="44">
      <class name="demoparamas.A">
        <test-method signature="m1(int,int)[pri:0, instance:demoparamas.A@1bd4fdd]" started-at="2024-06-14T11:22:14 IST" name="m1" finished-at="2024-06-14T11:22:14 IST" duration-ms="7" status="PASS">
          <params>
            <param index="0">
              <value>
                <![CDATA[100]]>
              </value>
            </param>
            <param index="1">
              <value>
                <![CDATA[200]]>
              </value>
            </param>
          </params>
          <reporter-output>
          </reporter-output>
        </test-method> <!-- m1 -->
      </class> <!-- demoparamas.A -->
      <class name="demoparamas.C">
        <test-method signature="m1(int,int)[pri:0, instance:demoparamas.C@3c19aaa5]" started-at="2024-06-14T11:22:14 IST" name="m1" finished-at="2024-06-14T11:22:14 IST" duration-ms="1" status="PASS">
          <params>
            <param index="0">
              <value>
                <![CDATA[100]]>
              </value>
            </param>
            <param index="1">
              <value>
                <![CDATA[200]]>
              </value>
            </param>
          </params>
          <reporter-output>
          </reporter-output>
        </test-method> <!-- m1 -->
      </class> <!-- demoparamas.C -->
      <class name="demoparamas.B">
        <test-method signature="m1(int,int)[pri:0, instance:demoparamas.B@f6efaab]" started-at="2024-06-14T11:22:14 IST" name="m1" finished-at="2024-06-14T11:22:14 IST" duration-ms="0" status="PASS">
          <params>
            <param index="0">
              <value>
                <![CDATA[100]]>
              </value>
            </param>
            <param index="1">
              <value>
                <![CDATA[200]]>
              </value>
            </param>
          </params>
          <reporter-output>
          </reporter-output>
        </test-method> <!-- m1 -->
      </class> <!-- demoparamas.B -->
    </test> <!-- somkeTest -->
  </suite> <!-- Suite -->
</testng-results>
